Arguments: 
  C:\Program Files\nodejs\node.exe C:\Program Files (x86)\Yarn\bin\yarn.js init

PATH: 
  C:\Users\wil.stephens\bin;C:\Program Files\Git\mingw64\bin;C:\Program Files\Git\usr\local\bin;C:\Program Files\Git\usr\bin;C:\Program Files\Git\usr\bin;C:\Program Files\Git\cmd;C:\Program Files (x86)\Common Files\Oracle\Java\javapath;C:\WINDOWS\system32;C:\WINDOWS;C:\WINDOWS\System32\Wbem;C:\WINDOWS\System32\WindowsPowerShell\v1.0;C:\WINDOWS\System32\OpenSSH;C:\Program Files\Intel\WiFi\bin;C:\Program Files\Common Files\Intel\WirelessCommon;C:\Program Files\dotnet;C:\Program Files\Microsoft SQL Server\130\Tools\Binn;C:\Program Files\nodejs;C:\Program Files\Git\cmd;C:\Program Files (x86)\Yarn\bin;C:\Program Files\bin;C:\Program Files\PostgreSQL\11\bin;C:\Program Files\erl10.1\bin;C:\Users\wil.stephens\.mix;C:\Program Files\erl10.4\bin;C:\Program Files (x86)\Elixir\bin;C:\Users\wil.stephens\.mix\escripts;C:\Program Files (x86)\Intel\Intel(R) Management Engine Components\DAL;C:\Program Files\Intel\Intel(R) Management Engine Components\DAL;C:\Users\wil.stephens\AppData\Local\Microsoft\WindowsApps;C:\Users\wil.stephens\AppData\Local\Programs\Microsoft VS Code\bin;C:\Users\wil.stephens\AppData\Roaming\npm;C:\Users\wil.stephens\.dotnet\tools;C:\Users\wil.stephens\AppData\Local\Yarn\bin;C:\Users\wil.stephens\AppData\Local\Android\Sdk\platform-tools;C:\Users\wil.stephens\AppData\Local\hyper\app-3.0.2\resources\bin;C:\Users\wil.stephens\AppData\Local\Programs\Python\Python37-32;C:\Users\wil.stephens\AppData\Local\Programs\Python\Python37-32\Scripts;C:\Program Files\Git\usr\bin\vendor_perl;C:\Program Files\Git\usr\bin\core_perl

Yarn version: 
  1.16.0

Node version: 
  10.15.1

Platform: 
  win32 x64

Trace: 
  Error: canceled
      at Interface.<anonymous> (C:\Program Files (x86)\Yarn\lib\cli.js:125850:13)
      at Interface.emit (events.js:189:13)
      at Interface._ttyWrite (readline.js:783:16)
      at ReadStream.onkeypress (readline.js:168:10)
      at ReadStream.emit (events.js:189:13)
      at emitKeys (internal/readline.js:424:14)
      at emitKeys.next (<anonymous>)
      at ReadStream.onData (readline.js:1022:36)
      at ReadStream.emit (events.js:189:13)
      at addChunk (_stream_readable.js:284:12)

npm manifest: 
  No manifest

yarn manifest: 
  No manifest

Lockfile: 
  No lockfile
